Flutter crash report.
Please report a bug at https://github.com/flutter/flutter/issues.

## command

flutter --no-color attach --machine --device-id=emulator-5554 lib/main.dart

## exception

StateError: Bad state: No element

```
#0      ListMixin.firstWhere (dart:collection/list.dart:167:5)
#1      DartDevelopmentService.startDartDevelopmentService (package:flutter_tools/src/base/dds.dart:63:32)
<asynchronous suspension>
#2      FlutterDevice.connect.<anonymous closure> (package:flutter_tools/src/resident_runner.dart:249:11)
<asynchronous suspension>
```

## flutter doctor

```
[✓] Flutter (Channel beta, 1.25.0-8.2.pre, on macOS 11.2 20D5029f darwin-x64, locale en-PT)
    • Flutter version 1.25.0-8.2.pre at /Users/mascari/Development/flutter
    • Framework revision b0a2299859 (5 days ago), 2021-01-05 12:34:13 -0800
    • Engine revision 92ae191c17
    • Dart version 2.12.0 (build 2.12.0-133.2.beta)

[✓] Android toolchain - develop for Android devices (Android SDK version 30.0.3)
    • Android SDK at /Users/mascari/Library/Android/sdk
    • Platform android-30, build-tools 30.0.3
    • Java binary at: /Applications/Android Studio.app/Contents/jre/jdk/Contents/Home/bin/java
    • Java version OpenJDK Runtime Environment (build 1.8.0_242-release-1644-b3-6915495)
    • All Android licenses accepted.

[✓] Xcode - develop for iOS and macOS (Xcode 12.3)
    • Xcode at /Applications/Xcode.app/Contents/Developer
    • Xcode 12.3, Build version 12C33
    • CocoaPods version 1.10.1

[✓] Chrome - develop for the web
    • Chrome at /Applications/Google Chrome.app/Contents/MacOS/Google Chrome

[✓] Android Studio (version 4.1)
    • Android Studio at /Applications/Android Studio.app/Contents
    • Flutter plugin can be installed from:
      🔨 https://plugins.jetbrains.com/plugin/9212-flutter
    • Dart plugin can be installed from:
      🔨 https://plugins.jetbrains.com/plugin/6351-dart
    • Java version OpenJDK Runtime Environment (build 1.8.0_242-release-1644-b3-6915495)

[✓] VS Code (version 1.52.1)
    • VS Code at /Applications/Visual Studio Code.app/Contents
    • Flutter extension version 3.18.1

[✓] Connected device (2 available)
    • sdk gphone x86 arm (mobile) • emulator-5554 • android-x86    • Android 11 (API 30) (emulator)
    • Chrome (web)                • chrome        • web-javascript • Google Chrome 87.0.4280.88

• No issues found!
```
